<?xml version="1.0" encoding="UTF-8"?>
<testng-results skipped="0" failed="0" ignored="0" total="5" passed="5">
  <reporter-output>
  </reporter-output>
  <suite name="Suite" duration-ms="130818" started-at="2020-10-07T11:04:51 IST" finished-at="2020-10-07T11:07:02 IST">
    <groups>
    </groups>
    <test name="regression suite" duration-ms="130818" started-at="2020-10-07T11:04:51 IST" finished-at="2020-10-07T11:07:02 IST">
      <class name="testCases.loginPage.LoginwithValiddata">
        <test-method status="PASS" signature="beforem()[pri:0, instance:testCases.loginPage.LoginwithValiddata@711f39f9]" name="beforem" is-config="true" duration-ms="22740" started-at="2020-10-07T11:06:27 IST" finished-at="2020-10-07T11:06:50 IST">
          <reporter-output>
          </reporter-output>
        </test-method> <!-- beforem -->
        <test-method status="PASS" signature="verifyloginwithvaliddata()[pri:0, instance:testCases.loginPage.LoginwithValiddata@711f39f9]" name="verifyloginwithvaliddata" duration-ms="11224" started-at="2020-10-07T11:06:50 IST" finished-at="2020-10-07T11:07:01 IST">
          <reporter-output>
          </reporter-output>
        </test-method> <!-- verifyloginwithvaliddata -->
        <test-method status="PASS" signature="afterm()[pri:0, instance:testCases.loginPage.LoginwithValiddata@711f39f9]" name="afterm" is-config="true" duration-ms="599" started-at="2020-10-07T11:07:01 IST" finished-at="2020-10-07T11:07:02 IST">
          <reporter-output>
          </reporter-output>
        </test-method> <!-- afterm -->
      </class> <!-- testCases.loginPage.LoginwithValiddata -->
      <class name="testCases.loginPage.Loginwithinvaliddata">
        <test-method status="PASS" signature="beforem()[pri:0, instance:testCases.loginPage.Loginwithinvaliddata@3fd7a715]" name="beforem" is-config="true" duration-ms="50043" started-at="2020-10-07T11:04:51 IST" finished-at="2020-10-07T11:05:41 IST">
          <reporter-output>
          </reporter-output>
        </test-method> <!-- beforem -->
        <test-method status="PASS" signature="LoginTest(java.lang.String, java.lang.String)[pri:0, instance:testCases.loginPage.Loginwithinvaliddata@3fd7a715]" name="LoginTest" duration-ms="14483" started-at="2020-10-07T11:05:45 IST" data-provider="getData" finished-at="2020-10-07T11:05:59 IST">
          <params>
            <param index="0">
              <value>
                <![CDATA[Admin]]>
              </value>
            </param>
            <param index="1">
              <value>
                <![CDATA[]]>
              </value>
            </param>
          </params>
          <reporter-output>
          </reporter-output>
        </test-method> <!-- LoginTest -->
        <test-method status="PASS" signature="LoginTest(java.lang.String, java.lang.String)[pri:0, instance:testCases.loginPage.Loginwithinvaliddata@3fd7a715]" name="LoginTest" duration-ms="8289" started-at="2020-10-07T11:05:59 IST" data-provider="getData" finished-at="2020-10-07T11:06:08 IST">
          <params>
            <param index="0">
              <value>
                <![CDATA[]]>
              </value>
            </param>
            <param index="1">
              <value>
                <![CDATA[admin123]]>
              </value>
            </param>
          </params>
          <reporter-output>
          </reporter-output>
        </test-method> <!-- LoginTest -->
        <test-method status="PASS" signature="LoginTest(java.lang.String, java.lang.String)[pri:0, instance:testCases.loginPage.Loginwithinvaliddata@3fd7a715]" name="LoginTest" duration-ms="10787" started-at="2020-10-07T11:06:08 IST" data-provider="getData" finished-at="2020-10-07T11:06:18 IST">
          <params>
            <param index="0">
              <value>
                <![CDATA[zxczxc24234]]>
              </value>
            </param>
            <param index="1">
              <value>
                <![CDATA[zxcxc]]>
              </value>
            </param>
          </params>
          <reporter-output>
          </reporter-output>
        </test-method> <!-- LoginTest -->
        <test-method status="PASS" signature="LoginTest(java.lang.String, java.lang.String)[pri:0, instance:testCases.loginPage.Loginwithinvaliddata@3fd7a715]" name="LoginTest" duration-ms="7460" started-at="2020-10-07T11:06:18 IST" data-provider="getData" finished-at="2020-10-07T11:06:26 IST">
          <params>
            <param index="0">
              <value>
                <![CDATA[]]>
              </value>
            </param>
            <param index="1">
              <value>
                <![CDATA[]]>
              </value>
            </param>
          </params>
          <reporter-output>
          </reporter-output>
        </test-method> <!-- LoginTest -->
        <test-method status="PASS" signature="afterm()[pri:0, instance:testCases.loginPage.Loginwithinvaliddata@3fd7a715]" name="afterm" is-config="true" duration-ms="1509" started-at="2020-10-07T11:06:26 IST" finished-at="2020-10-07T11:06:27 IST">
          <reporter-output>
          </reporter-output>
        </test-method> <!-- afterm -->
      </class> <!-- testCases.loginPage.Loginwithinvaliddata -->
    </test> <!-- regression suite -->
  </suite> <!-- Suite -->
</testng-results>
