<?xml version="1.0" encoding="UTF-8"?>
<!-- Generated by org.testng.reporters.JUnitXMLReporter -->
<testsuite hostname="sapecc-PC" ignored="0" name="regression suite" tests="5" failures="0" timestamp="2020-10-07T11:07:05 IST" time="130.818" errors="0">
  <testcase name="LoginTest" time="14.483" classname="testCases.loginPage.Loginwithinvaliddata"/>
  <testcase name="LoginTest" time="8.289" classname="testCases.loginPage.Loginwithinvaliddata"/>
  <testcase name="LoginTest" time="10.787" classname="testCases.loginPage.Loginwithinvaliddata"/>
  <testcase name="LoginTest" time="7.46" classname="testCases.loginPage.Loginwithinvaliddata"/>
  <testcase name="verifyloginwithvaliddata" time="11.224" classname="testCases.loginPage.LoginwithValiddata"/>
</testsuite> <!-- regression suite -->
